android/app/build/intermediates/manifest_merge_blame_file/debug/manifest-merger-blame-debug-report.txt
1<?xml version="1.0" encoding="utf-8"?>
2<manifest xmlns:android="http://schemas.android.com/apk/res/android"
3    package="com.essgpstracking"
4    android:versionCode="4"
5    android:versionName="1.0" >
6
7    <uses-sdk
8        android:minSdkVersion="21"
9        android:targetSdkVersion="29" />
10
11    <uses-permission android:name="android.permission.SYSTEM_ALERT_WINDOW" />
11-->src/main/AndroidManifest.xml:7:5-77
11-->src/main/AndroidManifest.xml:7:22-75
12    <uses-permission android:name="android.permission.ACCESS_BACKGROUND_LOCATION" />
12-->src/main/AndroidManifest.xml:5:5-85
12-->src/main/AndroidManifest.xml:5:22-82
13    <uses-permission android:name="android.permission.INTERNET" />
13-->src/main/AndroidManifest.xml:6:5-67
13-->src/main/AndroidManifest.xml:6:22-64
14    <uses-permission android:name="android.permission.VIBRATE" />
14-->src/main/AndroidManifest.xml:8:5-66
14-->src/main/AndroidManifest.xml:8:22-63
15    <uses-permission android:name="android.permission.ACCESS_FINE_LOCATION" />
15-->src/main/AndroidManifest.xml:9:5-79
15-->src/main/AndroidManifest.xml:9:22-76
16    <uses-permission android:name="android.permission.RECEIVE_BOOT_COMPLETED" />
16-->src/main/AndroidManifest.xml:11:5-81
16-->src/main/AndroidManifest.xml:11:22-78
17    <uses-permission android:name="android.permission.WAKE_LOCK" />
17-->src/main/AndroidManifest.xml:13:5-68
17-->src/main/AndroidManifest.xml:13:22-65
18    <uses-permission android:name="android.permission.FOREGROUND_SERVICE" />
18-->src/main/AndroidManifest.xml:16:5-77
18-->src/main/AndroidManifest.xml:16:22-74
19    <uses-permission android:name="android.hardware.location" />
19-->[:@mauron85_react-native-background-geolocation] AndroidManifest.xml:29:5-65
19-->[:@mauron85_react-native-background-geolocation] AndroidManifest.xml:29:22-62
20    <uses-permission android:name="android.permission.ACCESS_NETWORK_STATE" />
20-->[:@mauron85_react-native-background-geolocation] AndroidManifest.xml:32:5-79
20-->[:@mauron85_react-native-background-geolocation] AndroidManifest.xml:32:22-76
21    <uses-permission android:name="android.permission.ACCESS_COARSE_LOCATION" />
21-->[:@mauron85_react-native-background-geolocation] AndroidManifest.xml:33:5-81
21-->[:@mauron85_react-native-background-geolocation] AndroidManifest.xml:33:22-78
22    <uses-permission android:name="android.permission.ACCESS_LOCATION_EXTRA_COMMANDS" />
22-->[:@mauron85_react-native-background-geolocation] AndroidManifest.xml:35:5-89
22-->[:@mauron85_react-native-background-geolocation] AndroidManifest.xml:35:22-86
23    <uses-permission android:name="com.google.android.gms.permission.ACTIVITY_RECOGNITION" />
23-->[:@mauron85_react-native-background-geolocation] AndroidManifest.xml:36:5-94
23-->[:@mauron85_react-native-background-geolocation] AndroidManifest.xml:36:22-91
24    <uses-permission android:name="android.permission.READ_SYNC_SETTINGS" />
24-->[:@mauron85_react-native-background-geolocation] AndroidManifest.xml:38:5-77
24-->[:@mauron85_react-native-background-geolocation] AndroidManifest.xml:38:22-74
25    <uses-permission android:name="android.permission.WRITE_SYNC_SETTINGS" />
25-->[:@mauron85_react-native-background-geolocation] AndroidManifest.xml:39:5-78
25-->[:@mauron85_react-native-background-geolocation] AndroidManifest.xml:39:22-75
26    <uses-permission android:name="android.permission.AUTHENTICATE_ACCOUNTS" />
26-->[:@mauron85_react-native-background-geolocation] AndroidManifest.xml:40:5-80
26-->[:@mauron85_react-native-background-geolocation] AndroidManifest.xml:40:22-77
27    <uses-permission android:name="android.permission.GET_TASKS" />
27-->[tsbackgroundfetch-0.4.0.aar] AndroidManifest.xml:13:5-68
27-->[tsbackgroundfetch-0.4.0.aar] AndroidManifest.xml:13:22-65
28
29    <uses-feature
29-->[com.google.android.gms:play-services-maps:17.0.0] AndroidManifest.xml:26:5-28:35
30        android:glEsVersion="0x00020000"
30-->[com.google.android.gms:play-services-maps:17.0.0] AndroidManifest.xml:27:9-41
31        android:required="true" /> <!-- Required by older versions of Google Play services to create IID tokens -->
31-->[com.google.android.gms:play-services-maps:17.0.0] AndroidManifest.xml:28:9-32
32    <uses-permission android:name="com.google.android.c2dm.permission.RECEIVE" />
32-->[com.google.android.gms:play-services-iid:17.0.0] AndroidManifest.xml:23:5-82
32-->[com.google.android.gms:play-services-iid:17.0.0] AndroidManifest.xml:23:22-79
33    <uses-permission android:name="android.permission.POST_NOTIFICATIONS" />
33-->[com.google.firebase:firebase-messaging:23.1.1] AndroidManifest.xml:25:5-77
33-->[com.google.firebase:firebase-messaging:23.1.1] AndroidManifest.xml:25:22-74
34    <uses-permission android:name="com.google.android.finsky.permission.BIND_GET_INSTALL_REFERRER_SERVICE" /> <!-- for android -->
34-->[com.android.installreferrer:installreferrer:1.1.2] AndroidManifest.xml:9:5-110
34-->[com.android.installreferrer:installreferrer:1.1.2] AndroidManifest.xml:9:22-107
35    <!-- <uses-permission android:name="com.android.launcher.permission.READ_SETTINGS"/> -->
36    <!-- <uses-permission android:name="com.android.launcher.permission.WRITE_SETTINGS"/> -->
37    <!-- <uses-permission android:name="com.android.launcher.permission.INSTALL_SHORTCUT" /> -->
38    <!-- <uses-permission android:name="com.android.launcher.permission.UNINSTALL_SHORTCUT" /> -->
39    <!-- for Samsung -->
40    <uses-permission android:name="com.sec.android.provider.badge.permission.READ" />
40-->[me.leolin:ShortcutBadger:1.1.22] AndroidManifest.xml:19:5-86
40-->[me.leolin:ShortcutBadger:1.1.22] AndroidManifest.xml:19:22-83
41    <uses-permission android:name="com.sec.android.provider.badge.permission.WRITE" /> <!-- for htc -->
41-->[me.leolin:ShortcutBadger:1.1.22] AndroidManifest.xml:20:5-87
41-->[me.leolin:ShortcutBadger:1.1.22] AndroidManifest.xml:20:22-84
42    <uses-permission android:name="com.htc.launcher.permission.READ_SETTINGS" />
42-->[me.leolin:ShortcutBadger:1.1.22] AndroidManifest.xml:23:5-81
42-->[me.leolin:ShortcutBadger:1.1.22] AndroidManifest.xml:23:22-78
43    <uses-permission android:name="com.htc.launcher.permission.UPDATE_SHORTCUT" /> <!-- for sony -->
43-->[me.leolin:ShortcutBadger:1.1.22] AndroidManifest.xml:24:5-83
43-->[me.leolin:ShortcutBadger:1.1.22] AndroidManifest.xml:24:22-80
44    <uses-permission android:name="com.sonyericsson.home.permission.BROADCAST_BADGE" />
44-->[me.leolin:ShortcutBadger:1.1.22] AndroidManifest.xml:27:5-88
44-->[me.leolin:ShortcutBadger:1.1.22] AndroidManifest.xml:27:22-85
45    <uses-permission android:name="com.sonymobile.home.permission.PROVIDER_INSERT_BADGE" /> <!-- for apex -->
45-->[me.leolin:ShortcutBadger:1.1.22] AndroidManifest.xml:28:5-92
45-->[me.leolin:ShortcutBadger:1.1.22] AndroidManifest.xml:28:22-89
46    <uses-permission android:name="com.anddoes.launcher.permission.UPDATE_COUNT" /> <!-- for solid -->
46-->[me.leolin:ShortcutBadger:1.1.22] AndroidManifest.xml:31:5-84
46-->[me.leolin:ShortcutBadger:1.1.22] AndroidManifest.xml:31:22-81
47    <uses-permission android:name="com.majeur.launcher.permission.UPDATE_BADGE" /> <!-- for huawei -->
47-->[me.leolin:ShortcutBadger:1.1.22] AndroidManifest.xml:34:5-83
47-->[me.leolin:ShortcutBadger:1.1.22] AndroidManifest.xml:34:22-80
48    <uses-permission android:name="com.huawei.android.launcher.permission.CHANGE_BADGE" />
48-->[me.leolin:ShortcutBadger:1.1.22] AndroidManifest.xml:37:5-91
48-->[me.leolin:ShortcutBadger:1.1.22] AndroidManifest.xml:37:22-88
49    <uses-permission android:name="com.huawei.android.launcher.permission.READ_SETTINGS" />
49-->[me.leolin:ShortcutBadger:1.1.22] AndroidManifest.xml:38:5-92
49-->[me.leolin:ShortcutBadger:1.1.22] AndroidManifest.xml:38:22-89
50    <uses-permission android:name="com.huawei.android.launcher.permission.WRITE_SETTINGS" /> <!-- for ZUK -->
50-->[me.leolin:ShortcutBadger:1.1.22] AndroidManifest.xml:39:5-93
50-->[me.leolin:ShortcutBadger:1.1.22] AndroidManifest.xml:39:22-90
51    <uses-permission android:name="android.permission.READ_APP_BADGE" /> <!-- for OPPO -->
51-->[me.leolin:ShortcutBadger:1.1.22] AndroidManifest.xml:42:5-73
51-->[me.leolin:ShortcutBadger:1.1.22] AndroidManifest.xml:42:22-70
52    <uses-permission android:name="com.oppo.launcher.permission.READ_SETTINGS" />
52-->[me.leolin:ShortcutBadger:1.1.22] AndroidManifest.xml:45:5-82
52-->[me.leolin:ShortcutBadger:1.1.22] AndroidManifest.xml:45:22-79
53    <uses-permission android:name="com.oppo.launcher.permission.WRITE_SETTINGS" /> <!-- for EvMe -->
53-->[me.leolin:ShortcutBadger:1.1.22] AndroidManifest.xml:46:5-83
53-->[me.leolin:ShortcutBadger:1.1.22] AndroidManifest.xml:46:22-80
54    <uses-permission android:name="me.everything.badger.permission.BADGE_COUNT_READ" />
54-->[me.leolin:ShortcutBadger:1.1.22] AndroidManifest.xml:49:5-88
54-->[me.leolin:ShortcutBadger:1.1.22] AndroidManifest.xml:49:22-85
55    <uses-permission android:name="me.everything.badger.permission.BADGE_COUNT_WRITE" />
55-->[me.leolin:ShortcutBadger:1.1.22] AndroidManifest.xml:50:5-89
55-->[me.leolin:ShortcutBadger:1.1.22] AndroidManifest.xml:50:22-86
56
57    <application
57-->src/main/AndroidManifest.xml:18:5-98:19
58        android:name="com.essgpstracking.MainApplication"
58-->src/main/AndroidManifest.xml:19:7-38
59        android:allowBackup="false"
59-->src/main/AndroidManifest.xml:23:7-34
60        android:appComponentFactory="androidx.core.app.CoreComponentFactory"
60-->[androidx.core:core:1.7.0] AndroidManifest.xml:24:18-86
61        android:debuggable="true"
62        android:icon="@mipmap/ic_launcher"
62-->src/main/AndroidManifest.xml:21:7-41
63        android:label="@string/app_name"
63-->src/main/AndroidManifest.xml:20:7-39
64        android:roundIcon="@mipmap/ic_launcher_round"
64-->src/main/AndroidManifest.xml:22:7-52
65        android:theme="@style/AppTheme"
65-->src/main/AndroidManifest.xml:25:7-38
66        android:usesCleartextTraffic="true" > <!-- You will only need to add this meta-data tag, but make sure it's a child of application -->
66-->src/main/AndroidManifest.xml:24:9-44
67        <meta-data
67-->src/main/AndroidManifest.xml:30:9-32:70
68            android:name="com.google.android.geo.API_KEY"
68-->src/main/AndroidManifest.xml:31:13-58
69            android:value="AIzaSyBFYsRuGgMB5SJrz2RrwJs-BdsWmkCy05I" />
69-->src/main/AndroidManifest.xml:32:13-68
70        <meta-data
70-->src/main/AndroidManifest.xml:33:9-118
71            android:name="com.transistorsoft.locationmanager.license"
71-->src/main/AndroidManifest.xml:33:20-77
72            android:value="YOUR_LICENCE_KEY_HERE" />
72-->src/main/AndroidManifest.xml:33:78-115
73        <!--
74 <meta-data
75            android:name="com.google.firebase.messaging.default_notification_icon"
76            android:resource="@drawable/ic_stat_ic_notification" />
77        <meta-data
78            android:name="com.google.firebase.messaging.default_notification_color"
79            android:resource="@color/colorAccent" />
80
81        <meta-data
82            android:name="com.google.firebase.messaging.default_notification_channel_id"
83            android:value="@string/default_notification_channel_id"/>
84        -->
85        <meta-data
85-->src/main/AndroidManifest.xml:46:9-152
86            android:name="com.google.firebase.messaging.default_notification_channel_id"
86-->src/main/AndroidManifest.xml:46:20-96
87            android:value="default" />
87-->src/main/AndroidManifest.xml:46:97-120
88        <meta-data
88-->src/main/AndroidManifest.xml:48:9-49:44
89            android:name="com.dieam.reactnativepushnotification.notification_foreground"
89-->src/main/AndroidManifest.xml:48:21-97
90            android:value="false" />
90-->src/main/AndroidManifest.xml:49:21-42
91        <meta-data
91-->src/main/AndroidManifest.xml:52:9-53:61
92            android:name="com.dieam.reactnativepushnotification.notification_channel_name"
92-->src/main/AndroidManifest.xml:52:21-99
93            android:value="YOUR NOTIFICATION CHANNEL NAME" />
93-->src/main/AndroidManifest.xml:53:13-59
94        <meta-data
94-->src/main/AndroidManifest.xml:54:9-55:68
95            android:name="com.dieam.reactnativepushnotification.notification_channel_description"
95-->src/main/AndroidManifest.xml:54:21-106
96            android:value="YOUR NOTIFICATION CHANNEL DESCRIPTION" /> <!-- Change the resource name to your App's accent color - or any other color you want -->
96-->src/main/AndroidManifest.xml:55:13-66
97        <meta-data
97-->src/main/AndroidManifest.xml:57:9-58:46
98            android:name="com.dieam.reactnativepushnotification.notification_color"
98-->src/main/AndroidManifest.xml:57:21-92
99            android:resource="@color/white" /> <!-- or @android:color/{name} to use a standard color -->
99-->src/main/AndroidManifest.xml:58:13-44
100        <receiver android:name="com.dieam.reactnativepushnotification.modules.RNPushNotificationPublisher" />
100-->src/main/AndroidManifest.xml:60:9-110
100-->src/main/AndroidManifest.xml:60:19-107
101        <receiver android:name="com.dieam.reactnativepushnotification.modules.RNPushNotificationBootEventReceiver" >
101-->src/main/AndroidManifest.xml:61:9-65:20
101-->src/main/AndroidManifest.xml:61:19-115
102            <intent-filter>
102-->src/main/AndroidManifest.xml:62:13-64:29
103                <action android:name="android.intent.action.BOOT_COMPLETED" />
103-->src/main/AndroidManifest.xml:63:17-79
103-->src/main/AndroidManifest.xml:63:25-76
104            </intent-filter>
105        </receiver>
106
107        <service
107-->src/main/AndroidManifest.xml:67:9-73:19
108            android:name="com.dieam.reactnativepushnotification.modules.RNPushNotificationListenerService"
108-->src/main/AndroidManifest.xml:68:13-107
109            android:exported="false" >
109-->src/main/AndroidManifest.xml:69:13-37
110            <intent-filter>
110-->src/main/AndroidManifest.xml:70:13-72:29
111                <action android:name="com.google.firebase.MESSAGING_EVENT" />
111-->src/main/AndroidManifest.xml:71:17-78
111-->src/main/AndroidManifest.xml:71:25-75
112            </intent-filter>
113        </service>
114
115        <activity
115-->src/main/AndroidManifest.xml:74:9-82:20
116            android:name="com.essgpstracking.SplashActivity"
116-->src/main/AndroidManifest.xml:75:13-43
117            android:label="@string/app_name"
117-->src/main/AndroidManifest.xml:77:13-45
118            android:theme="@style/SplashTheme" >
118-->src/main/AndroidManifest.xml:76:13-47
119            <intent-filter>
119-->src/main/AndroidManifest.xml:78:13-81:29
120                <action android:name="android.intent.action.MAIN" />
120-->src/main/AndroidManifest.xml:79:17-69
120-->src/main/AndroidManifest.xml:79:25-66
121
122                <category android:name="android.intent.category.LAUNCHER" />
122-->src/main/AndroidManifest.xml:80:17-77
122-->src/main/AndroidManifest.xml:80:27-74
123            </intent-filter>
124        </activity>
125        <activity
125-->src/main/AndroidManifest.xml:85:7-93:18
126            android:name="com.essgpstracking.MainActivity"
126-->src/main/AndroidManifest.xml:86:9-37
127            android:configChanges="keyboard|keyboardHidden|orientation|screenSize"
127-->src/main/AndroidManifest.xml:89:9-79
128            android:exported="true"
128-->src/main/AndroidManifest.xml:91:9-32
129            android:label="@string/app_name"
129-->src/main/AndroidManifest.xml:88:9-41
130            android:launchMode="singleTask"
130-->src/main/AndroidManifest.xml:87:9-40
131            android:windowSoftInputMode="adjustResize" >
131-->src/main/AndroidManifest.xml:90:9-51
132        </activity>
133        <activity android:name="com.facebook.react.devsupport.DevSettingsActivity" />
133-->src/main/AndroidManifest.xml:94:7-84
133-->src/main/AndroidManifest.xml:94:17-81
134
135        <service
135-->[:@mauron85_react-native-background-geolocation] AndroidManifest.xml:44:9-55:19
136            android:name="com.marianhello.bgloc.sync.SyncService"
136-->[:@mauron85_react-native-background-geolocation] AndroidManifest.xml:45:13-66
137            android:exported="true"
137-->[:@mauron85_react-native-background-geolocation] AndroidManifest.xml:46:13-36
138            android:process=":sync" >
138-->[:@mauron85_react-native-background-geolocation] AndroidManifest.xml:47:13-36
139            <intent-filter>
139-->[:@mauron85_react-native-background-geolocation] AndroidManifest.xml:48:13-50:29
140                <action android:name="android.content.SyncAdapter" />
140-->[:@mauron85_react-native-background-geolocation] AndroidManifest.xml:49:17-70
140-->[:@mauron85_react-native-background-geolocation] AndroidManifest.xml:49:25-67
141            </intent-filter>
142
143            <meta-data
143-->[:@mauron85_react-native-background-geolocation] AndroidManifest.xml:52:13-54:55
144                android:name="android.content.SyncAdapter"
144-->[:@mauron85_react-native-background-geolocation] AndroidManifest.xml:53:17-59
145                android:resource="@xml/syncadapter" />
145-->[:@mauron85_react-native-background-geolocation] AndroidManifest.xml:54:17-52
146        </service>
147        <service android:name="com.marianhello.bgloc.sync.AuthenticatorService" >
147-->[:@mauron85_react-native-background-geolocation] AndroidManifest.xml:56:9-64:19
147-->[:@mauron85_react-native-background-geolocation] AndroidManifest.xml:56:18-80
148            <intent-filter>
148-->[:@mauron85_react-native-background-geolocation] AndroidManifest.xml:57:13-59:29
149                <action android:name="android.accounts.AccountAuthenticator" />
149-->[:@mauron85_react-native-background-geolocation] AndroidManifest.xml:58:17-80
149-->[:@mauron85_react-native-background-geolocation] AndroidManifest.xml:58:25-77
150            </intent-filter>
151
152            <meta-data
152-->[:@mauron85_react-native-background-geolocation] AndroidManifest.xml:61:13-63:57
153                android:name="android.accounts.AccountAuthenticator"
153-->[:@mauron85_react-native-background-geolocation] AndroidManifest.xml:62:17-69
154                android:resource="@xml/authenticator" />
154-->[:@mauron85_react-native-background-geolocation] AndroidManifest.xml:63:17-54
155        </service>
156
157        <provider
157-->[:@mauron85_react-native-background-geolocation] AndroidManifest.xml:66:9-70:39
158            android:name="com.marianhello.bgloc.data.provider.LocationContentProvider"
158-->[:@mauron85_react-native-background-geolocation] AndroidManifest.xml:67:13-87
159            android:authorities="@string/mauron85_bgloc_content_authority"
159-->[:@mauron85_react-native-background-geolocation] AndroidManifest.xml:68:13-75
160            android:exported="false"
160-->[:@mauron85_react-native-background-geolocation] AndroidManifest.xml:69:13-37
161            android:syncable="true" />
161-->[:@mauron85_react-native-background-geolocation] AndroidManifest.xml:70:13-36
162
163        <service
163-->[:@mauron85_react-native-background-geolocation] AndroidManifest.xml:72:9-75:40
164            android:name="com.marianhello.bgloc.service.LocationServiceImpl"
164-->[:@mauron85_react-native-background-geolocation] AndroidManifest.xml:73:13-77
165            android:enabled="true"
165-->[:@mauron85_react-native-background-geolocation] AndroidManifest.xml:74:13-35
166            android:exported="false" />
166-->[:@mauron85_react-native-background-geolocation] AndroidManifest.xml:75:13-37
167        <service
167-->[:@mauron85_react-native-background-geolocation] AndroidManifest.xml:76:9-79:40
168            android:name="com.marianhello.bgloc.react.headless.HeadlessService"
168-->[:@mauron85_react-native-background-geolocation] AndroidManifest.xml:77:13-80
169            android:enabled="true"
169-->[:@mauron85_react-native-background-geolocation] AndroidManifest.xml:78:13-35
170            android:exported="false" />
170-->[:@mauron85_react-native-background-geolocation] AndroidManifest.xml:79:13-37
171
172        <receiver
172-->[:@mauron85_react-native-background-geolocation] AndroidManifest.xml:81:9-88:20
173            android:name="com.marianhello.bgloc.BootCompletedReceiver"
173-->[:@mauron85_react-native-background-geolocation] AndroidManifest.xml:82:13-71
174            android:enabled="true"
174-->[:@mauron85_react-native-background-geolocation] AndroidManifest.xml:83:13-35
175            android:exported="true" >
175-->[:@mauron85_react-native-background-geolocation] AndroidManifest.xml:84:13-36
176            <intent-filter>
176-->src/main/AndroidManifest.xml:62:13-64:29
177                <action android:name="android.intent.action.BOOT_COMPLETED" />
177-->src/main/AndroidManifest.xml:63:17-79
177-->src/main/AndroidManifest.xml:63:25-76
178            </intent-filter>
179        </receiver>
180        <receiver android:name="com.transistorsoft.tsbackgroundfetch.FetchAlarmReceiver" />
180-->[tsbackgroundfetch-0.4.0.aar] AndroidManifest.xml:16:9-92
180-->[tsbackgroundfetch-0.4.0.aar] AndroidManifest.xml:16:19-89
181
182        <service
182-->[tsbackgroundfetch-0.4.0.aar] AndroidManifest.xml:18:9-21:72
183            android:name="com.transistorsoft.tsbackgroundfetch.FetchJobService"
183-->[tsbackgroundfetch-0.4.0.aar] AndroidManifest.xml:19:13-80
184            android:exported="true"
184-->[tsbackgroundfetch-0.4.0.aar] AndroidManifest.xml:20:13-36
185            android:permission="android.permission.BIND_JOB_SERVICE" />
185-->[tsbackgroundfetch-0.4.0.aar] AndroidManifest.xml:21:13-69
186
187        <receiver android:name="com.transistorsoft.tsbackgroundfetch.BootReceiver" >
187-->[tsbackgroundfetch-0.4.0.aar] AndroidManifest.xml:23:9-28:20
187-->[tsbackgroundfetch-0.4.0.aar] AndroidManifest.xml:23:19-83
188            <intent-filter>
188-->[tsbackgroundfetch-0.4.0.aar] AndroidManifest.xml:24:13-27:29
189                <action android:name="android.intent.action.BOOT_COMPLETED" />
189-->src/main/AndroidManifest.xml:63:17-79
189-->src/main/AndroidManifest.xml:63:25-76
190                <action android:name="android.intent.action.MY_PACKAGE_REPLACED" />
190-->[tsbackgroundfetch-0.4.0.aar] AndroidManifest.xml:26:17-84
190-->[tsbackgroundfetch-0.4.0.aar] AndroidManifest.xml:26:25-81
191            </intent-filter>
192        </receiver>
193        <receiver
193-->[:react-native-device-info] AndroidManifest.xml:13:9-21:20
194            android:name="com.learnium.RNDeviceInfo.RNDeviceReceiver"
194-->[:react-native-device-info] AndroidManifest.xml:14:13-70
195            android:enabled="true"
195-->[:react-native-device-info] AndroidManifest.xml:15:13-35
196            android:exported="true" >
196-->[:react-native-device-info] AndroidManifest.xml:16:13-36
197            <intent-filter>
197-->[:react-native-device-info] AndroidManifest.xml:18:13-20:29
198                <action android:name="com.android.vending.INSTALL_REFERRER" />
198-->[:react-native-device-info] AndroidManifest.xml:19:17-79
198-->[:react-native-device-info] AndroidManifest.xml:19:25-76
199            </intent-filter>
200        </receiver> <!-- Needs to be explicitly declared on P+ -->
201        <uses-library
201-->[com.google.android.gms:play-services-maps:17.0.0] AndroidManifest.xml:33:9-35:40
202            android:name="org.apache.http.legacy"
202-->[com.google.android.gms:play-services-maps:17.0.0] AndroidManifest.xml:34:13-50
203            android:required="false" />
203-->[com.google.android.gms:play-services-maps:17.0.0] AndroidManifest.xml:35:13-37
204
205        <receiver
205-->[com.google.firebase:firebase-messaging:23.1.1] AndroidManifest.xml:31:9-38:20
206            android:name="com.google.firebase.iid.FirebaseInstanceIdReceiver"
206-->[com.google.firebase:firebase-messaging:23.1.1] AndroidManifest.xml:32:13-78
207            android:exported="true"
207-->[com.google.firebase:firebase-messaging:23.1.1] AndroidManifest.xml:33:13-36
208            android:permission="com.google.android.c2dm.permission.SEND" >
208-->[com.google.firebase:firebase-messaging:23.1.1] AndroidManifest.xml:34:13-73
209            <intent-filter>
209-->[com.google.firebase:firebase-messaging:23.1.1] AndroidManifest.xml:35:13-37:29
210                <action android:name="com.google.android.c2dm.intent.RECEIVE" />
210-->[com.google.firebase:firebase-messaging:23.1.1] AndroidManifest.xml:36:17-81
210-->[com.google.firebase:firebase-messaging:23.1.1] AndroidManifest.xml:36:25-78
211            </intent-filter>
212        </receiver>
213        <!--
214             FirebaseMessagingService performs security checks at runtime,
215             but set to not exported to explicitly avoid allowing another app to call it.
216        -->
217        <service
217-->[com.google.firebase:firebase-messaging:23.1.1] AndroidManifest.xml:44:9-51:19
218            android:name="com.google.firebase.messaging.FirebaseMessagingService"
218-->[com.google.firebase:firebase-messaging:23.1.1] AndroidManifest.xml:45:13-82
219            android:directBootAware="true"
219-->[com.google.firebase:firebase-messaging:23.1.1] AndroidManifest.xml:46:13-43
220            android:exported="false" >
220-->[com.google.firebase:firebase-messaging:23.1.1] AndroidManifest.xml:47:13-37
221            <intent-filter android:priority="-500" >
221-->src/main/AndroidManifest.xml:70:13-72:29
222                <action android:name="com.google.firebase.MESSAGING_EVENT" />
222-->src/main/AndroidManifest.xml:71:17-78
222-->src/main/AndroidManifest.xml:71:25-75
223            </intent-filter>
224        </service>
225        <service
225-->[com.google.firebase:firebase-messaging:23.1.1] AndroidManifest.xml:52:9-58:19
226            android:name="com.google.firebase.components.ComponentDiscoveryService"
226-->[com.google.firebase:firebase-messaging:23.1.1] AndroidManifest.xml:53:13-84
227            android:directBootAware="true"
227-->[com.google.firebase:firebase-common:20.2.0] AndroidManifest.xml:34:13-43
228            android:exported="false" >
228-->[com.google.firebase:firebase-messaging:23.1.1] AndroidManifest.xml:54:13-37
229            <meta-data
229-->[com.google.firebase:firebase-messaging:23.1.1] AndroidManifest.xml:55:13-57:85
230                android:name="com.google.firebase.components:com.google.firebase.messaging.FirebaseMessagingRegistrar"
230-->[com.google.firebase:firebase-messaging:23.1.1] AndroidManifest.xml:56:17-119
231                android:value="com.google.firebase.components.ComponentRegistrar" />
231-->[com.google.firebase:firebase-messaging:23.1.1] AndroidManifest.xml:57:17-82
232            <meta-data
232-->[com.google.firebase:firebase-datatransport:18.1.7] AndroidManifest.xml:27:13-29:85
233                android:name="com.google.firebase.components:com.google.firebase.datatransport.TransportRegistrar"
233-->[com.google.firebase:firebase-datatransport:18.1.7] AndroidManifest.xml:28:17-115
234                android:value="com.google.firebase.components.ComponentRegistrar" />
234-->[com.google.firebase:firebase-datatransport:18.1.7] AndroidManifest.xml:29:17-82
235            <meta-data
235-->[com.google.firebase:firebase-installations:17.1.0] AndroidManifest.xml:17:13-19:85
236                android:name="com.google.firebase.components:com.google.firebase.installations.FirebaseInstallationsRegistrar"
236-->[com.google.firebase:firebase-installations:17.1.0] AndroidManifest.xml:18:17-127
237                android:value="com.google.firebase.components.ComponentRegistrar" />
237-->[com.google.firebase:firebase-installations:17.1.0] AndroidManifest.xml:19:17-82
238        </service>
239
240        <activity
240-->[com.google.android.gms:play-services-base:18.1.0] AndroidManifest.xml:20:9-22:45
241            android:name="com.google.android.gms.common.api.GoogleApiActivity"
241-->[com.google.android.gms:play-services-base:18.1.0] AndroidManifest.xml:20:19-85
242            android:exported="false"
242-->[com.google.android.gms:play-services-base:18.1.0] AndroidManifest.xml:22:19-43
243            android:theme="@android:style/Theme.Translucent.NoTitleBar" />
243-->[com.google.android.gms:play-services-base:18.1.0] AndroidManifest.xml:21:19-78
244
245        <provider
245-->[com.google.firebase:firebase-common:20.2.0] AndroidManifest.xml:25:9-30:39
246            android:name="com.google.firebase.provider.FirebaseInitProvider"
246-->[com.google.firebase:firebase-common:20.2.0] AndroidManifest.xml:26:13-77
247            android:authorities="com.essgpstracking.firebaseinitprovider"
247-->[com.google.firebase:firebase-common:20.2.0] AndroidManifest.xml:27:13-72
248            android:directBootAware="true"
248-->[com.google.firebase:firebase-common:20.2.0] AndroidManifest.xml:28:13-43
249            android:exported="false"
249-->[com.google.firebase:firebase-common:20.2.0] AndroidManifest.xml:29:13-37
250            android:initOrder="100" />
250-->[com.google.firebase:firebase-common:20.2.0] AndroidManifest.xml:30:13-36
251
252        <meta-data
252-->[com.google.android.gms:play-services-basement:18.1.0] AndroidManifest.xml:21:9-23:69
253            android:name="com.google.android.gms.version"
253-->[com.google.android.gms:play-services-basement:18.1.0] AndroidManifest.xml:22:13-58
254            android:value="@integer/google_play_services_version" />
254-->[com.google.android.gms:play-services-basement:18.1.0] AndroidManifest.xml:23:13-66
255
256        <provider
256-->[androidx.emoji2:emoji2:1.0.0] AndroidManifest.xml:26:9-34:20
257            android:name="androidx.startup.InitializationProvider"
257-->[androidx.emoji2:emoji2:1.0.0] AndroidManifest.xml:27:13-67
258            android:authorities="com.essgpstracking.androidx-startup"
258-->[androidx.emoji2:emoji2:1.0.0] AndroidManifest.xml:28:13-68
259            android:exported="false" >
259-->[androidx.emoji2:emoji2:1.0.0] AndroidManifest.xml:29:13-37
260            <meta-data
260-->[androidx.emoji2:emoji2:1.0.0] AndroidManifest.xml:31:13-33:52